0 info it worked if it ends with ok
1 verbose cli [ '/usr/local/bin/node', '/usr/local/bin/npm', 'publish' ]
2 info using npm@2.14.12
3 info using node@v4.2.4
4 verbose publish [ '.' ]
5 silly cache add args [ '.', null ]
6 verbose cache add spec .
7 silly cache add parsed spec Result {
7 silly cache add   raw: '.',
7 silly cache add   scope: null,
7 silly cache add   name: null,
7 silly cache add   rawSpec: '.',
7 silly cache add   spec: '/home/alcockp/Development/Coximus-Github/gulp-sass-unicode-double-escape',
7 silly cache add   type: 'directory' }
8 verbose addLocalDirectory /home/alcockp/.npm/gulp-sass-unicode-double-escape/1.0.0/package.tgz not in flight; packing
9 verbose tar pack [ '/home/alcockp/.npm/gulp-sass-unicode-double-escape/1.0.0/package.tgz',
9 verbose tar pack   '/home/alcockp/Development/Coximus-Github/gulp-sass-unicode-double-escape' ]
10 verbose tarball /home/alcockp/.npm/gulp-sass-unicode-double-escape/1.0.0/package.tgz
11 verbose folder /home/alcockp/Development/Coximus-Github/gulp-sass-unicode-double-escape
12 info prepublish gulp-sass-unicode-double-escape@1.0.0
13 verbose addLocalTarball adding from inside cache /home/alcockp/.npm/gulp-sass-unicode-double-escape/1.0.0/package.tgz
14 silly cache afterAdd gulp-sass-unicode-double-escape@1.0.0
15 verbose afterAdd /home/alcockp/.npm/gulp-sass-unicode-double-escape/1.0.0/package/package.json not in flight; writing
16 verbose afterAdd /home/alcockp/.npm/gulp-sass-unicode-double-escape/1.0.0/package/package.json written
17 silly publish { name: 'gulp-sass-unicode-double-escape',
17 silly publish   version: '1.0.0',
17 silly publish   description: 'Reverts the conversion of unicode escaped characters and fixes the double escaped unicode characters.',
17 silly publish   main: 'index.js',
17 silly publish   scripts: { test: 'gulp test' },
17 silly publish   repository:
17 silly publish    { type: 'git',
17 silly publish      url: 'github.com/Coximus/gulp-sass-unicode-double-escape' },
17 silly publish   keywords: [ 'Fix', 'gulp-sass', 'unicode', 'double', 'escape' ],
17 silly publish   author: { name: 'Paul Alcock' },
17 silly publish   license: 'MIT',
17 silly publish   dependencies: { 'gulp-util': '~3.0.7', through2: '~2.0.1' },
17 silly publish   devDependencies:
17 silly publish    { assert: '~1.3.0',
17 silly publish      del: '~2.2.0',
17 silly publish      gulp: '~3.9.0',
17 silly publish      'gulp-clean': '~0.3.2',
17 silly publish      'gulp-help': '~1.6.0',
17 silly publish      'gulp-mocha': '~2.2.0',
17 silly publish      'gulp-plumber': '~1.0.1',
17 silly publish      'gulp-rename': '~1.2.2',
17 silly publish      'gulp-sass': '~2.3.0' },
17 silly publish   readme: '# gulp-sass-unicode-double-escape\nReplaces double slashes introduced by gulp-sass for unicode characters\n\n## Usage\nFirst install gulp-sass-unicode-double-escape\n```\nnpm install --save-dev gulp-sass-unicode-double-escape\n```\n\nThen add it to your gulpfile.js\n```javascript\nvar sass = require(\'gulp-sass\'),\n    sassUnicodeFix = require(\'gulp-sass-unicode-double-escape\');\n\ngulp.task(\'build\', function() {\n   return gulp.src([\'input.scss\'])\n        .pipe(sass)\n        .pipe(sassUnicodeFix())\n        .pipe(gulp.dest(\'css/\'));\n});\n```\n\n## Issue\nUsing gulp-sass to compile the following SASS will result in the current version of gulp-sass to generate CSS with incorrectly escaped unicode characters:\n\n### SASS\n```\n$open-quote:    \\00AB;\n$close-quote:   \\00BB;\n\nq{\n    quotes:"\\2018" "\\2019" "#{$open-quote}" "#{$close-quote}";\n}\n```\n\n### Generated CSS\n```\nq{\n    quotes:"\\2018" "\\2019" "\\\\00AB" "\\\\00BB";\n}\n```\n\n## Resolution\nUsing this gulp extension the double escaping of gulp-sass will be reverted',
17 silly publish   readmeFilename: 'README.md',
17 silly publish   gitHead: '87e63c3239f499ff1733aa3565c249b7aa6224f1',
17 silly publish   _id: 'gulp-sass-unicode-double-escape@1.0.0',
17 silly publish   _shasum: '1e2184527dcfb3cb4cffae7c47ad2e26c0c0f7e8',
17 silly publish   _from: '.' }
18 verbose getPublishConfig undefined
19 silly mapToRegistry name gulp-sass-unicode-double-escape
20 silly mapToRegistry using default registry
21 silly mapToRegistry registry https://registry.npmjs.org/
22 silly mapToRegistry uri https://registry.npmjs.org/gulp-sass-unicode-double-escape
23 verbose publish registryBase https://registry.npmjs.org/
24 silly publish uploading /home/alcockp/.npm/gulp-sass-unicode-double-escape/1.0.0/package.tgz
25 verbose request uri https://registry.npmjs.org/gulp-sass-unicode-double-escape
26 verbose request sending authorization for write operation
27 info attempt registry request try #1 at 11:36:18 AM
28 verbose request using bearer token for auth
29 verbose request id 390dcbabba4a2ad8
30 http request PUT https://registry.npmjs.org/gulp-sass-unicode-double-escape
31 http 403 https://registry.npmjs.org/gulp-sass-unicode-double-escape
32 verbose headers { 'content-type': 'application/json',
32 verbose headers   'cache-control': 'max-age=300',
32 verbose headers   'content-length': '95',
32 verbose headers   'accept-ranges': 'bytes',
32 verbose headers   date: 'Mon, 25 Apr 2016 10:36:39 GMT',
32 verbose headers   via: '1.1 varnish',
32 verbose headers   connection: 'keep-alive',
32 verbose headers   'x-served-by': 'cache-lcy1130-LCY',
32 verbose headers   'x-cache': 'MISS',
32 verbose headers   'x-cache-hits': '0',
32 verbose headers   'x-timer': 'S1461580598.964366,VS0,VE971',
32 verbose headers   vary: 'Accept-Encoding' }
33 verbose request invalidating /home/alcockp/.npm/registry.npmjs.org/gulp-sass-unicode-double-escape on PUT
34 error publish Failed PUT 403
35 verbose stack Error: "You cannot publish over the previously published version 1.0.0." : gulp-sass-unicode-double-escape
35 verbose stack     at makeError (/usr/local/lib/node_modules/npm/node_modules/npm-registry-client/lib/request.js:264:12)
35 verbose stack     at CachingRegistryClient.<anonymous> (/usr/local/lib/node_modules/npm/node_modules/npm-registry-client/lib/request.js:252:14)
35 verbose stack     at Request._callback (/usr/local/lib/node_modules/npm/node_modules/npm-registry-client/lib/request.js:172:14)
35 verbose stack     at Request.self.callback (/usr/local/lib/node_modules/npm/node_modules/request/request.js:198:22)
35 verbose stack     at emitTwo (events.js:87:13)
35 verbose stack     at Request.emit (events.js:172:7)
35 verbose stack     at Request.<anonymous> (/usr/local/lib/node_modules/npm/node_modules/request/request.js:1082:10)
35 verbose stack     at emitOne (events.js:82:20)
35 verbose stack     at Request.emit (events.js:169:7)
35 verbose stack     at IncomingMessage.<anonymous> (/usr/local/lib/node_modules/npm/node_modules/request/request.js:1009:12)
36 verbose statusCode 403
37 verbose pkgid gulp-sass-unicode-double-escape
38 verbose cwd /home/alcockp/Development/Coximus-Github/gulp-sass-unicode-double-escape
39 error Linux 3.19.0-58-generic
40 error argv "/usr/local/bin/node" "/usr/local/bin/npm" "publish"
41 error node v4.2.4
42 error npm  v2.14.12
43 error code E403
44 error "You cannot publish over the previously published version 1.0.0." : gulp-sass-unicode-double-escape
45 error If you need help, you may report this error at:
45 error     <https://github.com/npm/npm/issues>
46 verbose exit [ 1, true ]
